<?xml version="1.0" encoding="UTF-8"?>
<testsuite xmlns:xsi="http://www.w3.org/2001/XMLSchema-instance" xsi:noNamespaceSchemaLocation="https://maven.apache.org/surefire/maven-surefire-plugin/xsd/surefire-test-report.xsd" name="com.example.OrderedTests" time="0.012" tests="3" errors="0" skipped="0" failures="0">
  <properties>
    <property name="java.specification.version" value="22"/>
    <property name="sun.cpu.isalist" value="amd64"/>
    <property name="sun.jnu.encoding" value="Cp1252"/>
    <property name="java.class.path" value="D:\cogn\week_2\UnitTesting\demo\target\test-classes;D:\cogn\week_2\UnitTesting\demo\target\classes;C:\Users\aitri\.m2\repository\org\junit\jupiter\junit-jupiter\5.10.0\junit-jupiter-5.10.0.jar;C:\Users\aitri\.m2\repository\org\junit\jupiter\junit-jupiter-api\5.10.0\junit-jupiter-api-5.10.0.jar;C:\Users\aitri\.m2\repository\org\opentest4j\opentest4j\1.3.0\opentest4j-1.3.0.jar;C:\Users\aitri\.m2\repository\org\junit\platform\junit-platform-commons\1.10.0\junit-platform-commons-1.10.0.jar;C:\Users\aitri\.m2\repository\org\junit\jupiter\junit-jupiter-params\5.10.0\junit-jupiter-params-5.10.0.jar;C:\Users\aitri\.m2\repository\org\junit\jupiter\junit-jupiter-engine\5.10.0\junit-jupiter-engine-5.10.0.jar;C:\Users\aitri\.m2\repository\org\junit\platform\junit-platform-engine\1.10.0\junit-platform-engine-1.10.0.jar;C:\Users\aitri\.m2\repository\org\apiguardian\apiguardian-api\1.1.2\apiguardian-api-1.1.2.jar;C:\Users\aitri\.m2\repository\org\junit\platform\junit-platform-suite\1.10.0\junit-platform-suite-1.10.0.jar;C:\Users\aitri\.m2\repository\org\junit\platform\junit-platform-suite-api\1.10.0\junit-platform-suite-api-1.10.0.jar;C:\Users\aitri\.m2\repository\org\junit\platform\junit-platform-suite-engine\1.10.0\junit-platform-suite-engine-1.10.0.jar;C:\Users\aitri\.m2\repository\org\junit\platform\junit-platform-suite-commons\1.10.0\junit-platform-suite-commons-1.10.0.jar;C:\Users\aitri\.m2\repository\org\junit\platform\junit-platform-launcher\1.10.0\junit-platform-launcher-1.10.0.jar;C:\Users\aitri\.m2\repository\org\mockito\mockito-core\5.11.0\mockito-core-5.11.0.jar;C:\Users\aitri\.m2\repository\net\bytebuddy\byte-buddy\1.14.12\byte-buddy-1.14.12.jar;C:\Users\aitri\.m2\repository\net\bytebuddy\byte-buddy-agent\1.14.12\byte-buddy-agent-1.14.12.jar;C:\Users\aitri\.m2\repository\org\objenesis\objenesis\3.3\objenesis-3.3.jar;"/>
    <property name="java.vm.vendor" value="Oracle Corporation"/>
    <property name="sun.arch.data.model" value="64"/>
    <property name="user.variant" value=""/>
    <property name="java.vendor.url" value="https://java.oracle.com/"/>
    <property name="user.timezone" value="Asia/Calcutta"/>
    <property name="os.name" value="Windows 11"/>
    <property name="java.vm.specification.version" value="22"/>
    <property name="sun.java.launcher" value="SUN_STANDARD"/>
    <property name="user.country" value="IN"/>
    <property name="sun.boot.library.path" value="C:\Program Files\Java\jdk-22\bin"/>
    <property name="sun.java.command" value="C:\Users\aitri\AppData\Local\Temp\surefire7351782286648594476\surefirebooter16789988238427054427.jar C:\Users\aitri\AppData\Local\Temp\surefire7351782286648594476 2025-06-28T22-46-19_947-jvmRun1 surefire5441947135530204277tmp surefire_014495889883106089018tmp"/>
    <property name="jdk.debug" value="release"/>
    <property name="surefire.test.class.path" value="D:\cogn\week_2\UnitTesting\demo\target\test-classes;D:\cogn\week_2\UnitTesting\demo\target\classes;C:\Users\aitri\.m2\repository\org\junit\jupiter\junit-jupiter\5.10.0\junit-jupiter-5.10.0.jar;C:\Users\aitri\.m2\repository\org\junit\jupiter\junit-jupiter-api\5.10.0\junit-jupiter-api-5.10.0.jar;C:\Users\aitri\.m2\repository\org\opentest4j\opentest4j\1.3.0\opentest4j-1.3.0.jar;C:\Users\aitri\.m2\repository\org\junit\platform\junit-platform-commons\1.10.0\junit-platform-commons-1.10.0.jar;C:\Users\aitri\.m2\repository\org\junit\jupiter\junit-jupiter-params\5.10.0\junit-jupiter-params-5.10.0.jar;C:\Users\aitri\.m2\repository\org\junit\jupiter\junit-jupiter-engine\5.10.0\junit-jupiter-engine-5.10.0.jar;C:\Users\aitri\.m2\repository\org\junit\platform\junit-platform-engine\1.10.0\junit-platform-engine-1.10.0.jar;C:\Users\aitri\.m2\repository\org\apiguardian\apiguardian-api\1.1.2\apiguardian-api-1.1.2.jar;C:\Users\aitri\.m2\repository\org\junit\platform\junit-platform-suite\1.10.0\junit-platform-suite-1.10.0.jar;C:\Users\aitri\.m2\repository\org\junit\platform\junit-platform-suite-api\1.10.0\junit-platform-suite-api-1.10.0.jar;C:\Users\aitri\.m2\repository\org\junit\platform\junit-platform-suite-engine\1.10.0\junit-platform-suite-engine-1.10.0.jar;C:\Users\aitri\.m2\repository\org\junit\platform\junit-platform-suite-commons\1.10.0\junit-platform-suite-commons-1.10.0.jar;C:\Users\aitri\.m2\repository\org\junit\platform\junit-platform-launcher\1.10.0\junit-platform-launcher-1.10.0.jar;C:\Users\aitri\.m2\repository\org\mockito\mockito-core\5.11.0\mockito-core-5.11.0.jar;C:\Users\aitri\.m2\repository\net\bytebuddy\byte-buddy\1.14.12\byte-buddy-1.14.12.jar;C:\Users\aitri\.m2\repository\net\bytebuddy\byte-buddy-agent\1.14.12\byte-buddy-agent-1.14.12.jar;C:\Users\aitri\.m2\repository\org\objenesis\objenesis\3.3\objenesis-3.3.jar;"/>
    <property name="sun.cpu.endian" value="little"/>
    <property name="user.home" value="C:\Users\aitri"/>
    <property name="user.language" value="en"/>
    <property name="java.specification.vendor" value="Oracle Corporation"/>
    <property name="java.version.date" value="2024-07-16"/>
    <property name="java.home" value="C:\Program Files\Java\jdk-22"/>
    <property name="file.separator" value="\"/>
    <property name="basedir" value="D:\cogn\week_2\UnitTesting\demo"/>
    <property name="java.vm.compressedOopsMode" value="Zero based"/>
    <property name="line.separator" value="&#10;"/>
    <property name="java.vm.specification.vendor" value="Oracle Corporation"/>
    <property name="java.specification.name" value="Java Platform API Specification"/>
    <property name="surefire.real.class.path" value="C:\Users\aitri\AppData\Local\Temp\surefire7351782286648594476\surefirebooter16789988238427054427.jar"/>
    <property name="user.script" value=""/>
    <property name="sun.management.compiler" value="HotSpot 64-Bit Tiered Compilers"/>
    <property name="java.runtime.version" value="22.0.2+9-70"/>
    <property name="user.name" value="aitri"/>
    <property name="stdout.encoding" value="Cp1252"/>
    <property name="path.separator" value=";"/>
    <property name="os.version" value="10.0"/>
    <property name="java.runtime.name" value="Java(TM) SE Runtime Environment"/>
    <property name="file.encoding" value="UTF-8"/>
    <property name="java.vm.name" value="Java HotSpot(TM) 64-Bit Server VM"/>
    <property name="localRepository" value="C:\Users\aitri\.m2\repository"/>
    <property name="java.vendor.url.bug" value="https://bugreport.java.com/bugreport/"/>
    <property name="java.io.tmpdir" value="C:\Users\aitri\AppData\Local\Temp\"/>
    <property name="java.version" value="22.0.2"/>
    <property name="user.dir" value="D:\cogn\week_2\UnitTesting\demo"/>
    <property name="os.arch" value="amd64"/>
    <property name="java.vm.specification.name" value="Java Virtual Machine Specification"/>
    <property name="sun.os.patch.level" value=""/>
    <property name="native.encoding" value="Cp1252"/>
    <property name="java.library.path" value="C:\Program Files\Java\jdk-22\bin;C:\WINDOWS\Sun\Java\bin;C:\WINDOWS\system32;C:\WINDOWS;C:\Program Files\Common Files\Oracle\Java\javapath;C:\WINDOWS\system32;C:\WINDOWS;C:\WINDOWS\System32\Wbem;C:\WINDOWS\System32\WindowsPowerShell\v1.0\;C:\WINDOWS\System32\OpenSSH\;C:\Program Files\nodejs\;C:\Program Files\Java\jdk-22\bin;C:\Users\aitri\AppData\Local\Programs\Ollama;C:\Users\aitri\AppData\Local\Programs\Python\Python312\python.exe;C:\Program Files\Git\cmd;C:\sqlite;C:\Program Files\MongoDB\Server\7.0\bin;D:\ffmpeg-7.1-essentials_build\bin;C:\Program Files\Docker\Docker\resources\bin;C:\ProgramData\chocolatey\bin;C:\Program Files\php8.4;C:\ProgramData\ComposerSetup\bin;C:\Program Files\MySQL\MySQL Server 8.0\bin;D:\Maven\apache-maven-3.9.10\bin;C:\Users\aitri\scoop\shims;C:\Program Files\MySQL\MySQL Shell 8.0\bin\;C:\Users\aitri\AppData\Local\Programs\Python\Python312\Scripts\;C:\Users\aitri\AppData\Local\Programs\Python\Python312\;C:\Users\aitri\AppData\Local\Microsoft\WindowsApps;C:\Users\aitri\AppData\Local\Programs\Microsoft VS Code\bin;C:\Users\aitri\AppData\Roaming\npm;C:\Users\aitri\AppData\Local\Programs\Ollama;C:\Program Files\mongosh\;C:\Users\aitri\AppData\Roaming\Composer\vendor\bin;C:\Users\aitri\AppData\Local\Programs\cursor\resources\app\bin;C:\Users\aitri\AppData\Local\GitHubDesktop\bin;c:\Users\aitri\AppData\Roaming\Code\User\globalStorage\github.copilot-chat\debugCommand;."/>
    <property name="java.vm.info" value="mixed mode, sharing"/>
    <property name="stderr.encoding" value="Cp1252"/>
    <property name="java.vendor" value="Oracle Corporation"/>
    <property name="java.vm.version" value="22.0.2+9-70"/>
    <property name="sun.io.unicode.encoding" value="UnicodeLittle"/>
    <property name="java.class.version" value="66.0"/>
  </properties>
  <testcase name="testFirst" classname="com.example.OrderedTests" time="0"/>
  <testcase name="testSecond" classname="com.example.OrderedTests" time="0.001"/>
  <testcase name="testThird" classname="com.example.OrderedTests" time="0.007"/>
</testsuite>